#
# There is insufficient memory for the Java Runtime Environment to continue.
# Native memory allocation (mmap) failed to map 268435456 bytes for G1 virtual space
# Possible reasons:
#   The system is out of physical RAM or swap space
#   The process is running with CompressedOops enabled, and the Java Heap may be blocking the growth of the native heap
# Possible solutions:
#   Reduce memory load on the system
#   Increase physical memory or swap space
#   Check if swap backing store is full
#   Decrease Java heap size (-Xmx/-Xms)
#   Decrease number of Java threads
#   Decrease Java thread stack sizes (-Xss)
#   Set larger code cache with -XX:ReservedCodeCacheSize=
#   JVM is running with Zero Based Compressed Oops mode in which the Java heap is
#     placed in the first 32GB address space. The Java Heap base address is the
#     maximum limit for the native heap growth. Please use -XX:HeapBaseMinAddress
#     to set the Java Heap base and to place the Java Heap above 32GB virtual address.
# This output file may be truncated or incomplete.
#
#  Out of Memory Error (os_windows.cpp:3557), pid=16004, tid=12012
#
# JRE version:  (17.0.6+10) (build )
# Java VM: OpenJDK 64-Bit Server VM (17.0.6+10, mixed mode, sharing, tiered, compressed oops, compressed class ptrs, g1 gc, windows-amd64)
# No core dump will be written. Minidumps are not enabled by default on client versions of Windows
#

---------------  S U M M A R Y ------------

Command Line: -Dfile.encoding=Cp1252 -XX:+ShowCodeDetailsInExceptionMessages Centro.Menu

Host: AMD Ryzen 5 3500X 6-Core Processor             , 6 cores, 15G,  Windows 11 , 64 bit Build 22621 (10.0.22621.1194)
Time: Wed Mar  1 22:58:17 2023 Hora estándar romance elapsed time: 0.011901 seconds (0d 0h 0m 0s)

---------------  T H R E A D  ---------------

Current thread (0x000001d46fc66e30):  JavaThread "Unknown thread" [_thread_in_vm, id=12012, stack(0x0000008e81700000,0x0000008e81800000)]

Stack: [0x0000008e81700000,0x0000008e81800000]
Native frames: (J=compiled Java code, j=interpreted, Vv=VM code, C=native code)
V  [jvm.dll+0x67741a]
V  [jvm.dll+0x834434]
V  [jvm.dll+0x835bde]
V  [jvm.dll+0x836243]
V  [jvm.dll+0x2457b5]
V  [jvm.dll+0x674329]
V  [jvm.dll+0x6689da]
V  [jvm.dll+0x30489b]
V  [jvm.dll+0x30bd96]
V  [jvm.dll+0x35b57e]
V  [jvm.dll+0x35b7af]
V  [jvm.dll+0x2db778]
V  [jvm.dll+0x2dc6e4]
V  [jvm.dll+0x806131]
V  [jvm.dll+0x369331]
V  [jvm.dll+0x7e56ac]
V  [jvm.dll+0x3eb35f]
V  [jvm.dll+0x3ecea1]
C  [jli.dll+0x5267]
C  [ucrtbase.dll+0x29363]
C  [KERNEL32.DLL+0x126bd]
C  [ntdll.dll+0x5dfb8]


---------------  P R O C E S S  ---------------

Threads class SMR info:
_java_thread_list=0x00007ffdacfc5fd8, length=0, elements={
}

Java Threads: ( => current thread )

Other Threads:
  0x000001d46fcd4de0 GCTaskThread "GC Thread#0" [stack: 0x0000008e81800000,0x0000008e81900000] [id=13968]
  0x000001d46fce7570 ConcurrentGCThread "G1 Main Marker" [stack: 0x0000008e81900000,0x0000008e81a00000] [id=15532]
  0x000001d46fce7f80 ConcurrentGCThread "G1 Conc#0" [stack: 0x0000008e81a00000,0x0000008e81b00000] [id=5248]

[error occurred during error reporting (printing all threads), id 0xc0000005, EXCEPTION_ACCESS_VIOLATION (0xc0000005) at pc=0x00007ffdac79c1e7]

VM state: not at safepoint (not fully initialized)

VM Mutex/Monitor currently owned by a thread:  ([mutex/lock_event])
[0x000001d46fb8b160] Heap_lock - owner thread: 0x000001d46fc66e30

Heap address: 0x0000000700c00000, size: 4084 MB, Compressed Oops mode: Zero based, Oop shift amount: 3

CDS archive(s) mapped at: [0x0000000000000000-0x0000000000000000-0x0000000000000000), size 0, SharedBaseAddress: 0x0000000800000000, ArchiveRelocationMode: 0.
Narrow klass base: 0x0000000000000000, Narrow klass shift: 0, Narrow klass range: 0x0

GC Precious Log:
<Empty>

Heap:
 garbage-first heap   total 0K, used 0K [0x0000000700c00000, 0x0000000800000000)
  region size 2048K, 0 young (0K), 0 survivors (0K)

[error occurred during error reporting (printing heap information), id 0xc0000005, EXCEPTION_ACCESS_VIOLATION (0xc0000005) at pc=0x00007ffdacb806f9]

GC Heap History (0 events):
No events

Dll operation events (1 events):
Event: 0.007 Loaded shared library C:\Users\yagov\.p2\pool\plugins\org.eclipse.justj.openjdk.hotspot.jre.full.win32.x86_64_17.0.6.v20230204-1729\jre\bin\java.dll

Deoptimization events (0 events):
No events

Classes unloaded (0 events):
No events

Classes redefined (0 events):
No events

Internal exceptions (0 events):
No events

VM Operations (0 events):
No events

Events (0 events):
No events


Dynamic libraries:
0x00007ff7b3ef0000 - 0x00007ff7b3efe000 	C:\Users\yagov\.p2\pool\plugins\org.eclipse.justj.openjdk.hotspot.jre.full.win32.x86_64_17.0.6.v20230204-1729\jre\bin\javaw.exe
0x00007ffdfb1d0000 - 0x00007ffdfb3e4000 	C:\Windows\SYSTEM32\ntdll.dll
0x00007ffdf9fb0000 - 0x00007ffdfa073000 	C:\Windows\System32\KERNEL32.DLL
0x00007ffdf8ab0000 - 0x00007ffdf8e4c000 	C:\Windows\System32\KERNELBASE.dll
0x00007ffdf8910000 - 0x00007ffdf8a21000 	C:\Windows\System32\ucrtbase.dll
0x00007ffde9c40000 - 0x00007ffde9c57000 	C:\Users\yagov\.p2\pool\plugins\org.eclipse.justj.openjdk.hotspot.jre.full.win32.x86_64_17.0.6.v20230204-1729\jre\bin\jli.dll
0x00007ffdea250000 - 0x00007ffdea269000 	C:\Users\yagov\.p2\pool\plugins\org.eclipse.justj.openjdk.hotspot.jre.full.win32.x86_64_17.0.6.v20230204-1729\jre\bin\VCRUNTIME140.dll
0x00007ffdfa6d0000 - 0x00007ffdfa87d000 	C:\Windows\System32\USER32.dll
0x00007ffdf8820000 - 0x00007ffdf8846000 	C:\Windows\System32\win32u.dll
0x00007ffdfa690000 - 0x00007ffdfa6b9000 	C:\Windows\System32\GDI32.dll
0x00007ffde9e10000 - 0x00007ffdea09e000 	C:\Windows\WinSxS\amd64_microsoft.windows.common-controls_6595b64144ccf1df_6.0.22621.608_none_a9444ca7c10bb01d\COMCTL32.dll
0x00007ffdf8ec0000 - 0x00007ffdf8fd2000 	C:\Windows\System32\gdi32full.dll
0x00007ffdfa5e0000 - 0x00007ffdfa687000 	C:\Windows\System32\msvcrt.dll
0x00007ffdf8780000 - 0x00007ffdf881a000 	C:\Windows\System32\msvcp_win.dll
0x00007ffdfa8d0000 - 0x00007ffdfa902000 	C:\Windows\System32\IMM32.DLL
0x00007ffdeb7a0000 - 0x00007ffdeb7ac000 	C:\Users\yagov\.p2\pool\plugins\org.eclipse.justj.openjdk.hotspot.jre.full.win32.x86_64_17.0.6.v20230204-1729\jre\bin\vcruntime140_1.dll
0x00007ffddfae0000 - 0x00007ffddfb71000 	C:\Users\yagov\.p2\pool\plugins\org.eclipse.justj.openjdk.hotspot.jre.full.win32.x86_64_17.0.6.v20230204-1729\jre\bin\msvcp140.dll
0x00007ffdac4b0000 - 0x00007ffdad0f7000 	C:\Users\yagov\.p2\pool\plugins\org.eclipse.justj.openjdk.hotspot.jre.full.win32.x86_64_17.0.6.v20230204-1729\jre\bin\server\jvm.dll
0x00007ffdfaef0000 - 0x00007ffdfaf9e000 	C:\Windows\System32\ADVAPI32.dll
0x00007ffdfafa0000 - 0x00007ffdfb044000 	C:\Windows\System32\sechost.dll
0x00007ffdfadd0000 - 0x00007ffdfaee5000 	C:\Windows\System32\RPCRT4.dll
0x00007ffdf5830000 - 0x00007ffdf5839000 	C:\Windows\SYSTEM32\WSOCK32.dll
0x00007ffdf9a20000 - 0x00007ffdf9a91000 	C:\Windows\System32\WS2_32.dll
0x00007ffdec460000 - 0x00007ffdec494000 	C:\Windows\SYSTEM32\WINMM.dll
0x00007ffdf32d0000 - 0x00007ffdf32da000 	C:\Windows\SYSTEM32\VERSION.dll
0x00007ffdf7660000 - 0x00007ffdf7678000 	C:\Windows\SYSTEM32\kernel.appcore.dll
0x00007ffdeefd0000 - 0x00007ffdeefda000 	C:\Users\yagov\.p2\pool\plugins\org.eclipse.justj.openjdk.hotspot.jre.full.win32.x86_64_17.0.6.v20230204-1729\jre\bin\jimage.dll
0x00007ffde6f10000 - 0x00007ffde713e000 	C:\Windows\SYSTEM32\DBGHELP.DLL
0x00007ffdf9aa0000 - 0x00007ffdf9e2a000 	C:\Windows\System32\combase.dll
0x00007ffdfa500000 - 0x00007ffdfa5d7000 	C:\Windows\System32\OLEAUT32.dll
0x00007ffde6e30000 - 0x00007ffde6e62000 	C:\Windows\SYSTEM32\dbgcore.DLL
0x00007ffdf8a30000 - 0x00007ffdf8aab000 	C:\Windows\System32\bcryptPrimitives.dll
0x00007ffdedbe0000 - 0x00007ffdedc05000 	C:\Users\yagov\.p2\pool\plugins\org.eclipse.justj.openjdk.hotspot.jre.full.win32.x86_64_17.0.6.v20230204-1729\jre\bin\java.dll

dbghelp: loaded successfully - version: 4.0.5 - missing functions: none
symbol engine: initialized successfully - sym options: 0x614 - pdb path: .;C:\Users\yagov\.p2\pool\plugins\org.eclipse.justj.openjdk.hotspot.jre.full.win32.x86_64_17.0.6.v20230204-1729\jre\bin;C:\Windows\SYSTEM32;C:\Windows\WinSxS\amd64_microsoft.windows.common-controls_6595b64144ccf1df_6.0.22621.608_none_a9444ca7c10bb01d;C:\Users\yagov\.p2\pool\plugins\org.eclipse.justj.openjdk.hotspot.jre.full.win32.x86_64_17.0.6.v20230204-1729\jre\bin\server

VM Arguments:
jvm_args: -Dfile.encoding=Cp1252 -XX:+ShowCodeDetailsInExceptionMessages 
java_command: Centro.Menu
java_class_path (initial): C:\Users\yagov\OneDrive\Eclipse\CentroAcademico\bin
Launcher Type: SUN_STANDARD

[Global flags]
     intx CICompilerCount                          = 3                                         {product} {ergonomic}
     uint ConcGCThreads                            = 2                                         {product} {ergonomic}
     uint G1ConcRefinementThreads                  = 6                                         {product} {ergonomic}
   size_t G1HeapRegionSize                         = 2097152                                   {product} {ergonomic}
    uintx GCDrainStackTargetSize                   = 64                                        {product} {ergonomic}
   size_t InitialHeapSize                          = 268435456                                 {product} {ergonomic}
   size_t MarkStackSize                            = 4194304                                   {product} {ergonomic}
   size_t MaxHeapSize                              = 4282384384                                {product} {ergonomic}
   size_t MinHeapDeltaBytes                        = 2097152                                   {product} {ergonomic}
   size_t MinHeapSize                              = 8388608                                   {product} {ergonomic}
    uintx NonNMethodCodeHeapSize                   = 5832780                                {pd product} {ergonomic}
    uintx NonProfiledCodeHeapSize                  = 122912730                              {pd product} {ergonomic}
    uintx ProfiledCodeHeapSize                     = 122912730                              {pd product} {ergonomic}
    uintx ReservedCodeCacheSize                    = 251658240                              {pd product} {ergonomic}
     bool SegmentedCodeCache                       = true                                      {product} {ergonomic}
     bool ShowCodeDetailsInExceptionMessages       = true                                   {manageable} {command line}
   size_t SoftMaxHeapSize                          = 4282384384                             {manageable} {ergonomic}
     bool UseCompressedClassPointers               = true                           {product lp64_product} {ergonomic}
     bool UseCompressedOops                        = true                           {product lp64_product} {ergonomic}
     bool UseG1GC                                  = true                                      {product} {ergonomic}
     bool UseLargePagesIndividualAllocation        = false                                  {pd product} {ergonomic}

Logging:
Log output configuration:
 #0: stdout all=warning uptime,level,tags
 #1: stderr all=off uptime,level,tags

Environment Variables:
PATH=C:/Users/yagov/.p2/pool/plugins/org.eclipse.justj.openjdk.hotspot.jre.full.win32.x86_64_17.0.6.v20230204-1729/jre/bin/server;C:/Users/yagov/.p2/pool/plugins/org.eclipse.justj.openjdk.hotspot.jre.full.win32.x86_64_17.0.6.v20230204-1729/jre/bin;C:\Windows\system32;C:\Windows;C:\Windows\System32\Wbem;C:\Windows\System32\WindowsPowerShell\v1.0\;C:\Windows\System32\OpenSSH\;C:\Users\yagov\AppData\Local\Microsoft\WindowsApps;;C:\Users\yagov\AppData\Local\Programs\Microsoft VS Code\bin;C:\Users\yagov\eclipse\java-2022-12\eclipse;
USERNAME=yagov
OS=Windows_NT
PROCESSOR_IDENTIFIER=AMD64 Family 23 Model 113 Stepping 0, AuthenticAMD
TMP=C:\Users\yagov\AppData\Local\Temp
TEMP=C:\Users\yagov\AppData\Local\Temp



---------------  S Y S T E M  ---------------

OS:
 Windows 11 , 64 bit Build 22621 (10.0.22621.1194)
OS uptime: 1 days 8:07 hours

CPU: total 6 (initial active 6) (6 cores per cpu, 1 threads per core) family 23 model 113 stepping 0 microcode 0x0, cx8, cmov, fxsr, mmx, 3dnowpref, sse, sse2, sse3, ssse3, sse4a, sse4.1, sse4.2, popcnt, lzcnt, tsc, tscinvbit, avx, avx2, aes, clmul, bmi1, bmi2, adx, sha, fma, vzeroupper, clflush, clflushopt

Memory: 4k page, system-wide physical 16328M (8588M free)
TotalPageFile size 31493M (AvailPageFile size 181M)
current process WorkingSet (physical memory assigned to process): 11M, peak: 11M
current process commit charge ("private bytes"): 56M, peak: 312M

vm_info: OpenJDK 64-Bit Server VM (17.0.6+10) for windows-amd64 JRE (17.0.6+10), built on Jan 18 2023 10:08:59 by "temurin" with MS VC++ 16.7 (VS2019)

END.
